<?xml version="1.0" encoding="UTF-8"?>
<!-- Generated by org.testng.reporters.JUnitReportReporter -->
<testsuite hostname="DESKTOP-ICC5NER" failures="0" tests="5" name="testCases.Expenses" time="17.867" errors="0" timestamp="2023-07-02T13:24:58 IST" skipped="0">
  <testcase classname="testCases.Expenses" name="login" time="3.003"/>
  <system-out/>
  <testcase classname="testCases.Expenses" name="addExpense" time="8.496"/>
  <system-out/>
  <testcase classname="testCases.Expenses" name="doPayment" time="4.590"/>
  <system-out/>
  <testcase classname="testCases.Expenses" name="downloadExpenses" time="0.223"/>
  <system-out/>
  <testcase classname="testCases.Expenses" name="deleteExpenses" time="1.555"/>
  <system-out/>
</testsuite> <!-- testCases.Expenses -->
