<?xml version="1.0" encoding="UTF-8"?>
<!-- Generated by org.testng.reporters.JUnitReportReporter -->
<testsuite hostname="DESKTOP-ICC5NER" failures="0" tests="2" name="testCases.SignOut" time="3.851" errors="0" timestamp="2023-07-02T18:04:27 IST" skipped="0">
  <testcase classname="testCases.SignOut" name="login" time="2.965"/>
  <system-out/>
  <testcase classname="testCases.SignOut" name="signOut" time="0.886"/>
  <system-out/>
</testsuite> <!-- testCases.SignOut -->
