<?xml version="1.0" encoding="UTF-8"?>
<!-- Generated by org.testng.reporters.JUnitReportReporter -->
<testsuite hostname="DESKTOP-ICC5NER" failures="0" tests="1" name="testCases.LoginPage" time="0.566" errors="0" timestamp="2023-06-30T15:01:33 IST" skipped="0">
  <testcase classname="testCases.LoginPage" name="login" time="0.566"/>
  <system-out/>
</testsuite> <!-- testCases.LoginPage -->
