<?xml version="1.0" encoding="UTF-8"?>
<!-- Generated by org.testng.reporters.JUnitReportReporter -->
<testsuite hostname="DESKTOP-ICC5NER" failures="0" tests="4" name="testCases.Contacts" time="12.037" errors="0" timestamp="2023-07-04T12:09:06 IST" skipped="2">
  <testcase classname="testCases.Contacts" name="login" time="2.760"/>
  <system-out/>
  <testcase classname="testCases.Contacts" name="suppliers" time="9.277"/>
  <system-out/>
  <testcase classname="testCases.Contacts" name="doPayment">
    <skipped/>
  </testcase> <!-- doPayment -->
  <system-out/>
  <testcase classname="testCases.Contacts" name="deleteSuppliers">
    <skipped/>
  </testcase> <!-- deleteSuppliers -->
  <system-out/>
</testsuite> <!-- testCases.Contacts -->
