<?xml version="1.0" encoding="UTF-8"?>
<!-- Generated by org.testng.reporters.JUnitReportReporter -->
<testsuite hostname="DESKTOP-ICC5NER" failures="0" tests="4" name="testCases.UserManagement" time="23.255" errors="0" timestamp="2023-07-05T20:35:53 IST" skipped="0">
  <testcase classname="testCases.UserManagement" name="login" time="3.964"/>
  <system-out/>
  <testcase classname="testCases.UserManagement" name="user" time="9.460"/>
  <system-out/>
  <testcase classname="testCases.UserManagement" name="edit" time="5.458"/>
  <system-out/>
  <testcase classname="testCases.UserManagement" name="delete" time="4.373"/>
  <system-out/>
</testsuite> <!-- testCases.UserManagement -->
