<?xml version="1.0" encoding="UTF-8"?>
<!-- Generated by org.testng.reporters.JUnitReportReporter -->
<testsuite hostname="DESKTOP-ICC5NER" failures="0" tests="2" name="testCases.Login" time="2.965" errors="0" timestamp="2023-07-06T14:32:00 IST" skipped="1">
  <testcase classname="testCases.Login" name="login" time="2.965"/>
  <system-out/>
  <testcase classname="testCases.Login" name="invalidLogin">
    <skipped/>
  </testcase> <!-- invalidLogin -->
  <system-out/>
</testsuite> <!-- testCases.Login -->
