<?xml version="1.0" encoding="UTF-8"?>
<!-- Generated by org.testng.reporters.JUnitReportReporter -->
<testsuite hostname="DESKTOP-ICC5NER" failures="0" tests="5" name="testCases.Expenses" time="17.826" errors="0" timestamp="2023-07-06T13:03:34 IST" skipped="0">
  <testcase classname="testCases.Expenses" name="login" time="3.087"/>
  <system-out/>
  <testcase classname="testCases.Expenses" name="addExpense" time="8.807"/>
  <system-out/>
  <testcase classname="testCases.Expenses" name="doPayment" time="4.463"/>
  <system-out/>
  <testcase classname="testCases.Expenses" name="downloadExpenses" time="0.406"/>
  <system-out/>
  <testcase classname="testCases.Expenses" name="deleteExpenses" time="1.063"/>
  <system-out/>
</testsuite> <!-- testCases.Expenses -->
