<?xml version="1.0" encoding="UTF-8"?>
<!-- Generated by org.testng.reporters.JUnitReportReporter -->
<testsuite hostname="DESKTOP-ICC5NER" failures="0" tests="2" name="testCases.Login" time="4.653" errors="0" timestamp="2023-07-04T12:25:06 IST" skipped="0">
  <testcase classname="testCases.Login" name="invalidLogin" time="2.144"/>
  <system-out/>
  <testcase classname="testCases.Login" name="login" time="2.509"/>
  <system-out/>
</testsuite> <!-- testCases.Login -->
