<?xml version="1.0" encoding="UTF-8"?>
<!-- Generated by org.testng.reporters.JUnitReportReporter -->
<testsuite hostname="DESKTOP-ICC5NER" failures="0" tests="5" name="testCases.Login" time="5.867" errors="0" timestamp="2023-07-05T20:39:22 IST" skipped="1">
  <testcase classname="testCases.Login" name="invalidLogin" time="1.614"/>
  <system-out/>
  <testcase classname="testCases.Login" name="invalidLogin" time="1.412"/>
  <system-out/>
  <testcase classname="testCases.Login" name="invalidLogin" time="1.605"/>
  <system-out/>
  <testcase classname="testCases.Login" name="invalidLogin" time="1.236"/>
  <system-out/>
  <testcase classname="testCases.Login" name="login">
    <skipped/>
  </testcase> <!-- login -->
  <system-out/>
</testsuite> <!-- testCases.Login -->
