<?xml version="1.0" encoding="UTF-8"?>
<!-- Generated by org.testng.reporters.JUnitReportReporter -->
<testsuite hostname="DESKTOP-ICC5NER" failures="0" tests="2" name="testCases.SignOut" time="4.033" errors="0" timestamp="2023-07-05T18:41:09 IST" skipped="0">
  <testcase classname="testCases.SignOut" name="login" time="3.197"/>
  <system-out/>
  <testcase classname="testCases.SignOut" name="signOut" time="0.836"/>
  <system-out/>
</testsuite> <!-- testCases.SignOut -->
