<?xml version="1.0" encoding="UTF-8"?>
<!-- Generated by org.testng.reporters.JUnitReportReporter -->
<testsuite hostname="DESKTOP-ICC5NER" failures="0" tests="4" name="testCases.UserManagement" time="19.749" errors="0" timestamp="2023-07-01T17:57:56 IST" skipped="0">
  <testcase classname="testCases.UserManagement" name="login" time="2.682"/>
  <system-out/>
  <testcase classname="testCases.UserManagement" name="user" time="10.343"/>
  <system-out/>
  <testcase classname="testCases.UserManagement" name="edit" time="4.948"/>
  <system-out/>
  <testcase classname="testCases.UserManagement" name="delete" time="1.776"/>
  <system-out/>
</testsuite> <!-- testCases.UserManagement -->
